0 info it worked if it ends with ok
1 verbose cli [ '/opt/local/bin/node',
1 verbose cli   '/opt/local/bin/npm',
1 verbose cli   'install',
1 verbose cli   '--quiet',
1 verbose cli   '--production' ]
2 info using npm@2.12.0
3 info using node@v0.12.5
4 verbose config Skipping project config: /Users/amine/.npmrc. (matches userconfig)
5 verbose readDependencies loading dependencies from /Users/amine/package.json
6 error install Couldn't read dependencies
7 verbose stack Error: ENOENT, open '/Users/amine/package.json'
7 verbose stack     at Error (native)
8 verbose cwd /Users/amine/AndroidStudioProjects/LtmFirst
9 error Darwin 16.0.0
10 error argv "/opt/local/bin/node" "/opt/local/bin/npm" "install" "--quiet" "--production"
11 error node v0.12.5
12 error npm  v2.12.0
13 error path /Users/amine/package.json
14 error code ENOPACKAGEJSON
15 error errno -2
16 error package.json ENOENT, open '/Users/amine/package.json'
16 error package.json This is most likely not a problem with npm itself.
16 error package.json npm can't find a package.json file in your current directory.
17 verbose exit [ -2, true ]
